Arguments: 
  C:\Program Files\nodejs\node.exe C:\Users\marco\AppData\Roaming\npm\node_modules\yarn\bin\yarn.js

PATH: 
  C:\Windows\system32;C:\Windows;C:\Windows\System32\Wbem;C:\Windows\System32\WindowsPowerShell\v1.0\;C:\Windows\System32\OpenSSH\;C:\ProgramData\chocolatey\bin;C:\Program Files\Git\cmd;C:\Program Files\Docker\Docker\resources\bin;C:\Program Files\nodejs\;C:\Users\marco\AppData\Local\Microsoft\WindowsApps;C:\Users\marco\AppData\Local\Programs\Microsoft VS Code\bin;C:\Program Files\heroku\bin;C:\Users\marco\AppData\Roaming\npm

Yarn version: 
  1.22.19

Node version: 
  18.16.0

Platform: 
  win32 x64

Trace: 
  Error: EPERM: operation not permitted, unlink 'C:\Users\marco\Desktop\Rocketseat\NextLevelWeek\nlw-12-spacetime-ignite\server\node_modules\prisma\engines\d9a4c5988f480fa576d43970d5a23641aa77bc9c\query_engine-windows.dll.node'

npm manifest: 
  {
    "name": "server",
    "version": "1.0.0",
    "description": "",
    "main": "index.js",
    "scripts": {
      "dev": "tsx watch src/server.ts",
      "lint": "eslint src --ext .ts --fix"
    },
    "keywords": [],
    "author": "",
    "license": "MIT",
    "devDependencies": {
      "@rocketseat/eslint-config": "^1.2.0",
      "@types/node": "^20.1.3",
      "dotenv": "^16.0.3",
      "eslint": "^8.40.0",
      "prisma": "^4.14.0",
      "tsx": "^3.12.7",
      "typescript": "^5.0.4"
    },
    "dependencies": {
      "@fastify/cors": "^8.2.1",
      "@fastify/jwt": "^6.7.1",
      "@fastify/multipart": "^7.6.0",
      "@fastify/static": "^6.10.1",
      "@prisma/client": "^4.14.0",
      "axios": "^1.4.0",
      "fastify": "^4.17.0",
      "zod": "^3.21.4"
    }
  }

yarn manifest: 
  No manifest

Lockfile: 
  No lockfile
